[+] Containers:
 |- [+] Container: /Game/ThirdPerson/Maps/Choas
 |   |- [+] ActorDescs:
 |   |   |- Guid:01D9BA7D4973AE3D6C963792B7EE968C BaseClass:/Game/BluePrint/BP_BoxDown.BP_BoxDown_C NativeClass:/Script/Engine.Actor Name:BP_Box_C_UAID_A85E45C6692F6D9401_1241990643 Label:BP_Box4 SpatiallyLoaded:1 Bounds:IsValid=true, Min=(X=1882.750 Y=4455.750 Z=401.000), Max=(X=2145.250 Y=4718.250 Z=625.000) RuntimeGrid:None EditorOnly:0 RuntimeOnly:0 HLODRelevant:0 FolderPath:BoxDown FolderGuid:54124D8D4F935B01BE39B2AC1F7C8DC8
 |   |   |- Guid:0485D0AD40F1F464DFA81A892F3823E9 BaseClass: NativeClass:/Script/Engine.StaticMeshActor Name:StaticMeshActor_4 Label:SM_Cube6 SpatiallyLoaded:1 Bounds:IsValid=true, Min=(X=2800.000 Y=0.000 Z=0.000), Max=(X=3000.000 Y=100000.000 Z=400.000) RuntimeGrid:None EditorOnly:0 RuntimeOnly:0 HLODRelevant:1 FolderPath:Playground FolderGuid:C73F09FC4215536B1DCE2A9E0A830C70
 |   |   |- Guid:0A4E6BC144565FE9D8CA9D8878EEEA6E BaseClass: NativeClass:/Script/Engine.StaticMeshActor Name:StaticMeshActor_13 Label:SM_Cube9 SpatiallyLoaded:1 Bounds:IsValid=true, Min=(X=1800.000 Y=1500.000 Z=0.000), Max=(X=2000.000 Y=2200.000 Z=100.000) RuntimeGrid:None EditorOnly:0 RuntimeOnly:0 HLODRelevant:1 FolderPath:Block01 FolderGuid:7D23E5AE4C2A421F86AF6986D87E6D05
 |   |   |- Guid:0D6C54164223FF8398D369B83C520B05 BaseClass:/Game/BluePrint/BP_BoxDown.BP_BoxDown_C NativeClass:/Script/Engine.Actor Name:BP_Box_C_UAID_A85E45C6692F6C9401_2061717464 Label:BP_Box3 SpatiallyLoaded:1 Bounds:IsValid=true, Min=(X=1882.750 Y=3139.750 Z=218.000), Max=(X=2145.250 Y=3402.250 Z=442.000) RuntimeGrid:None EditorOnly:0 RuntimeOnly:0 HLODRelevant:0 FolderPath:BoxDown FolderGuid:54124D8D4F935B01BE39B2AC1F7C8DC8
 |   |   |- Guid:149D5A0F4A5D3DA9C8A0DE8A70ADBB37 BaseClass: NativeClass:/Script/Engine.StaticMeshActor Name:StaticMeshActor_1 Label:SM_Cube SpatiallyLoaded:1 Bounds:IsValid=true, Min=(X=0.000 Y=0.000 Z=-50.000), Max=(X=3000.000 Y=100000.000 Z=0.000) RuntimeGrid:None EditorOnly:0 RuntimeOnly:0 HLODRelevant:1 FolderPath:Playground FolderGuid:C73F09FC4215536B1DCE2A9E0A830C70
 |   |   |- Guid:1BDDE1A24DCFB660E36FC7A8A726AE71 BaseClass:/Game/BluePrint/BP_Trap.BP_Trap_C NativeClass:/Script/Engine.Actor Name:BP_Trap_C_UAID_A85E45C6692F6A9401_1413442105 Label:BP_Trap3 SpatiallyLoaded:1 Bounds:IsValid=true, Min=(X=20.000 Y=1883.000 Z=216.000), Max=(X=3020.000 Y=1893.000 Z=226.000) RuntimeGrid:None EditorOnly:0 RuntimeOnly:0 HLODRelevant:0
 |   |   |- Guid:1C720AD34C0F0EE402575B916638D88D BaseClass: NativeClass:/Script/Engine.StaticMeshActor Name:StaticMeshActor_23 Label:SM_QuarterCylinder5 SpatiallyLoaded:1 Bounds:IsValid=true, Min=(X=300.000 Y=2800.000 Z=0.000), Max=(X=400.000 Y=2900.000 Z=200.000) RuntimeGrid:None EditorOnly:0 RuntimeOnly:0 HLODRelevant:1 FolderPath:Block03 FolderGuid:7B7009C345D3D6DD94D3429E1D79C034
 |   |   |- Guid:1FDD07AE4E6C956810D6A190A5144EB0 BaseClass:/Game/BluePrint/BP_Trap.BP_Trap_C NativeClass:/Script/Engine.Actor Name:BP_Trap_C_UAID_A85E45C6692F6A9401_1469323106 Label:BP_Trap2 SpatiallyLoaded:1 Bounds:IsValid=true, Min=(X=-24.000 Y=2454.000 Z=234.000), Max=(X=2976.000 Y=2464.000 Z=244.000) RuntimeGrid:None EditorOnly:0 RuntimeOnly:0 HLODRelevant:0
 |   |   |- Guid:21797B4D4EC4FFB33A1895A2D73AEDE9 BaseClass:/Game/BluePrint/BP_BoxBackStep.BP_BoxBackStep_C NativeClass:/Script/Engine.Actor Name:BP_BoxBackStep_C_UAID_A85E45C6692FFE9401_1320883153 Label:BP_BoxBackStep SpatiallyLoaded:1 Bounds:IsValid=true, Min=(X=1692.500 Y=812.500 Z=98.000), Max=(X=1767.500 Y=887.500 Z=162.000) RuntimeGrid:None EditorOnly:0 RuntimeOnly:0 HLODRelevant:0
 |   |   |- Guid:226A9B6D478DCE8B6C5A00B62D1A9C56 BaseClass: NativeClass:/Script/Engine.WorldDataLayers Name:WorldDataLayers Label:WorldDataLayers SpatiallyLoaded:0 Bounds:IsValid=true, Min=(X=0.000 Y=0.000 Z=0.000), Max=(X=0.000 Y=0.000 Z=0.000) RuntimeGrid:None EditorOnly:0 RuntimeOnly:0 HLODRelevant:0
 |   |   |- Guid:2AEFE5D6419AF842C1BFF5AE59296B71 BaseClass: NativeClass:/Script/Engine.StaticMeshActor Name:StaticMeshActor_UAID_A85E45C6692F6D9401_1227756641 Label:SM_Cube18 SpatiallyLoaded:1 Bounds:IsValid=true, Min=(X=281.164 Y=4689.000 Z=0.000), Max=(X=1393.253 Y=5690.158 Z=200.000) RuntimeGrid:None EditorOnly:0 RuntimeOnly:0 HLODRelevant:1 FolderPath:Block02 FolderGuid:EBA23F8248252949750E43911A3A1CDD
 |   |   |- Guid:2C8C95E94D66227BCC864A95B55FD1C8 BaseClass: NativeClass:/Script/Engine.StaticMeshActor Name:StaticMeshActor_19 Label:SM_QuarterCylinder2 SpatiallyLoaded:1 Bounds:IsValid=true, Min=(X=2500.000 Y=2600.000 Z=0.000), Max=(X=2600.000 Y=2700.000 Z=200.000) RuntimeGrid:None EditorOnly:0 RuntimeOnly:0 HLODRelevant:1 FolderPath:Block02 FolderGuid:EBA23F8248252949750E43911A3A1CDD
 |   |   |- Guid:2D0E34BA4AE34C19DFCEEE8526C8B911 BaseClass: NativeClass:/Script/Engine.ExponentialHeightFog Name:ExponentialHeightFog_0 Label:ExponentialHeightFog SpatiallyLoaded:0 Bounds:IsValid=true, Min=(X=-5600.000 Y=-50.000 Z=-6850.000), Max=(X=-5600.000 Y=-50.000 Z=-6850.000) RuntimeGrid:None EditorOnly:0 RuntimeOnly:0 HLODRelevant:0 FolderPath:Lighting FolderGuid:963EC3EB4002CCE9759E2EBA541A873A
 |   |   |- Guid:397AFE7C42B44A36C856C188695F5E70 BaseClass: NativeClass:/Script/NavigationSystem.NavMeshBoundsVolume Name:NavMeshBoundsVolume_UAID_A85E45C6692F079501_1370593743 Label:NavMeshBoundsVolume SpatiallyLoaded:0 Bounds:IsValid=true, Min=(X=370.000 Y=409.250 Z=110.000), Max=(X=2770.000 Y=1090.750 Z=310.000) RuntimeGrid:None EditorOnly:0 RuntimeOnly:0 HLODRelevant:0
 |   |   |- Guid:3E44ABA243F92EAAAEC809B09B477D42 BaseClass: NativeClass:/Script/Engine.StaticMeshActor Name:StaticMeshActor_18 Label:SM_QuarterCylinder SpatiallyLoaded:1 Bounds:IsValid=true, Min=(X=2500.000 Y=2800.000 Z=0.000), Max=(X=2600.000 Y=2900.000 Z=200.000) RuntimeGrid:None EditorOnly:0 RuntimeOnly:0 HLODRelevant:1 FolderPath:Block02 FolderGuid:EBA23F8248252949750E43911A3A1CDD
 |   |   |- Guid:3FC68D124EB1E412798BBF92BF42DDE5 BaseClass: NativeClass:/Script/GeometryCollectionEngine.GeometryCollectionActor Name:GeometryCollectionActor_UAID_A85E45C6692F0A9501_1271137276 Label:Chaos_GeometryCollection SpatiallyLoaded:1 Bounds:IsValid=true, Min=(X=440.000 Y=910.000 Z=490.000), Max=(X=540.000 Y=1010.000 Z=590.000) RuntimeGrid:None EditorOnly:0 RuntimeOnly:0 HLODRelevant:0
 |   |   |- Guid:425FD75647639672F02B14AF8528834D BaseClass: NativeClass:/Script/Engine.PlayerStart Name:PlayerStart_0 Label:PlayerStart SpatiallyLoaded:0 Bounds:IsValid=true, Min=(X=1460.000 Y=1019.000 Z=292.000), Max=(X=1540.000 Y=1099.000 Z=476.000) RuntimeGrid:None EditorOnly:0 RuntimeOnly:0 HLODRelevant:0
 |   |   |- Guid:45A2F76748DE528F8CEDE59CBF6F59F4 BaseClass: NativeClass:/Script/Engine.StaticMeshActor Name:StaticMeshActor_9 Label:SM_Ramp2 SpatiallyLoaded:1 Bounds:IsValid=true, Min=(X=1400.000 Y=1500.000 Z=0.000), Max=(X=1800.000 Y=1700.000 Z=100.000) RuntimeGrid:None EditorOnly:0 RuntimeOnly:0 HLODRelevant:1 FolderPath:Block01 FolderGuid:7D23E5AE4C2A421F86AF6986D87E6D05
 |   |   |- Guid:48C5E4AD4199D70D8DFD0BAC4771E4EF BaseClass: NativeClass:/Script/Engine.StaticMeshActor Name:StaticMeshActor_14 Label:SM_Ramp3 SpatiallyLoaded:1 Bounds:IsValid=true, Min=(X=1800.000 Y=1700.000 Z=100.000), Max=(X=2000.000 Y=2100.000 Z=200.000) RuntimeGrid:None EditorOnly:0 RuntimeOnly:0 HLODRelevant:1 FolderPath:Block01 FolderGuid:7D23E5AE4C2A421F86AF6986D87E6D05
 |   |   |- Guid:4BC1B3844E9734CC807A989ECA7FF043 BaseClass: NativeClass:/Script/Engine.StaticMeshActor Name:StaticMeshActor_25 Label:SM_QuarterCylinder6 SpatiallyLoaded:1 Bounds:IsValid=true, Min=(X=1200.000 Y=2200.000 Z=0.000), Max=(X=1300.000 Y=2300.000 Z=200.000) RuntimeGrid:None EditorOnly:0 RuntimeOnly:0 HLODRelevant:1 FolderPath:Block01 FolderGuid:7D23E5AE4C2A421F86AF6986D87E6D05
 |   |   |- Guid:4F195F3C47E8AF24F67455BC84F06AF5 BaseClass: NativeClass:/Script/NavigationSystem.RecastNavMesh Name:RecastNavMesh_UAID_A85E45C6692F079501-Default Label:RecastNavMesh-Default SpatiallyLoaded:0 Bounds:IsValid=true, Min=(X=0.000 Y=0.000 Z=0.000), Max=(X=0.000 Y=0.000 Z=0.000) RuntimeGrid:None EditorOnly:0 RuntimeOnly:0 HLODRelevant:0
 |   |   |- Guid:522A99EE435F5BA7474264A26A6DB8BE BaseClass: NativeClass:/Script/Engine.StaticMeshActor Name:StaticMeshActor_16 Label:SM_Cube11 SpatiallyLoaded:1 Bounds:IsValid=true, Min=(X=400.000 Y=2600.000 Z=0.000), Max=(X=700.000 Y=2900.000 Z=200.000) RuntimeGrid:None EditorOnly:0 RuntimeOnly:0 HLODRelevant:1 FolderPath:Block03 FolderGuid:7B7009C345D3D6DD94D3429E1D79C034
 |   |   |- Guid:53D19ADA4AF281F4D7C79789F5248AFD BaseClass: NativeClass:/Script/Engine.SkyLight Name:SkyLight_1 Label:SkyLight SpatiallyLoaded:0 Bounds:IsValid=true, Min=(X=0.000 Y=0.000 Z=690.000), Max=(X=0.000 Y=0.000 Z=690.000) RuntimeGrid:None EditorOnly:0 RuntimeOnly:0 HLODRelevant:0 FolderPath:Lighting FolderGuid:963EC3EB4002CCE9759E2EBA541A873A
 |   |   |- Guid:55CCF3E948C41FA23E0BF4BD1301892B BaseClass:/Game/BluePrint/BP_Trap.BP_Trap_C NativeClass:/Script/Engine.Actor Name:BP_Trap_C_UAID_A85E45C6692F679401_1406817575 Label:BP_Trap SpatiallyLoaded:1 Bounds:IsValid=true, Min=(X=16.000 Y=3009.000 Z=268.000), Max=(X=3016.000 Y=3019.000 Z=278.000) RuntimeGrid:None EditorOnly:0 RuntimeOnly:0 HLODRelevant:0
 |   |   |- Guid:569550D8453D018EEF649182D4EDA883 BaseClass:/Game/BluePrint/BP_MoveBox.BP_MoveBox_C NativeClass:/Script/Engine.Actor Name:BP_MoveBox_C_UAID_A85E45C6692F049501_1161413211 Label:BP_MoveBox SpatiallyLoaded:1 Bounds:IsValid=true, Min=(X=1920.000 Y=680.000 Z=225.000), Max=(X=2220.000 Y=980.000 Z=235.000) RuntimeGrid:None EditorOnly:0 RuntimeOnly:0 HLODRelevant:0 FolderPath:BoxMove FolderGuid:A5900C794ADA8F294B3B7CA4F2790953
 |   |   |- Guid:5CC42A7A432E8E707D8F2BB47E722C56 BaseClass:/Game/BluePrint/BP_BoxDown.BP_BoxDown_C NativeClass:/Script/Engine.Actor Name:BP_Box_C_UAID_A85E45C6692F6D9401_1243838644 Label:BP_Box5 SpatiallyLoaded:1 Bounds:IsValid=true, Min=(X=1028.750 Y=3475.750 Z=401.000), Max=(X=1291.250 Y=3738.250 Z=625.000) RuntimeGrid:None EditorOnly:0 RuntimeOnly:0 HLODRelevant:0 FolderPath:BoxDown FolderGuid:54124D8D4F935B01BE39B2AC1F7C8DC8
 |   |   |- Guid:67702C734401D2B8AE5FB4B5D77F33D1 BaseClass:/Game/BluePrint/Ai/BP_Character.BP_Character_C NativeClass:/Script/Engine.Character Name:BP_Character_C_UAID_A85E45C6692F079501_1230521742 Label:BP_Character SpatiallyLoaded:1 Bounds:IsValid=true, Min=(X=1390.000 Y=540.000 Z=100.000), Max=(X=1490.000 Y=640.000 Z=276.000) RuntimeGrid:None EditorOnly:0 RuntimeOnly:0 HLODRelevant:0
 |   |   |- Guid:68834CB24C4F9B4E58D9A6B3A23C5AC5 BaseClass: NativeClass:/Script/Engine.StaticMeshActor Name:StaticMeshActor_UAID_A85E45C6692F6A9401_1635755109 Label:SM_Cube17 SpatiallyLoaded:1 Bounds:IsValid=true, Min=(X=1394.000 Y=4020.000 Z=0.000), Max=(X=2594.000 Y=4320.000 Z=200.000) RuntimeGrid:None EditorOnly:0 RuntimeOnly:0 HLODRelevant:1 FolderPath:Block02 FolderGuid:EBA23F8248252949750E43911A3A1CDD
 |   |   |- Guid:6B61F8B64C7AFDA765570C8C9017E9F4 BaseClass: NativeClass:/Script/Engine.StaticMeshActor Name:StaticMeshActor_12 Label:SM_Cube8 SpatiallyLoaded:1 Bounds:IsValid=true, Min=(X=1300.000 Y=2600.000 Z=0.000), Max=(X=2500.000 Y=2900.000 Z=200.000) RuntimeGrid:None EditorOnly:0 RuntimeOnly:0 HLODRelevant:1 FolderPath:Block02 FolderGuid:EBA23F8248252949750E43911A3A1CDD
 |   |   |- Guid:7262479A48EC72618CE46CB478D68BA9 BaseClass: NativeClass:/Script/Engine.StaticMeshActor Name:StaticMeshActor_24 Label:SM_Cube13 SpatiallyLoaded:1 Bounds:IsValid=true, Min=(X=300.000 Y=2700.000 Z=0.000), Max=(X=400.000 Y=2800.000 Z=200.000) RuntimeGrid:None EditorOnly:0 RuntimeOnly:0 HLODRelevant:1 FolderPath:Block03 FolderGuid:7B7009C345D3D6DD94D3429E1D79C034
 |   |   |- Guid:73523B2140B0A44289FB10A980D5263F BaseClass: NativeClass:/Script/Engine.StaticMeshActor Name:StaticMeshActor_22 Label:SM_QuarterCylinder4 SpatiallyLoaded:1 Bounds:IsValid=true, Min=(X=300.000 Y=2600.000 Z=0.000), Max=(X=400.000 Y=2700.000 Z=200.000) RuntimeGrid:None EditorOnly:0 RuntimeOnly:0 HLODRelevant:1 FolderPath:Block03 FolderGuid:7B7009C345D3D6DD94D3429E1D79C034
 |   |   |- Guid:7D1D6F7C4899272ABA82E1BB8C115956 BaseClass:/Game/BluePrint/BP_BoxDown.BP_BoxDown_C NativeClass:/Script/Engine.Actor Name:BP_Box_C_UAID_A85E45C6692F6C9401_2055574463 Label:BP_Box2 SpatiallyLoaded:1 Bounds:IsValid=true, Min=(X=838.750 Y=2345.750 Z=293.000), Max=(X=1101.250 Y=2608.250 Z=517.000) RuntimeGrid:None EditorOnly:0 RuntimeOnly:0 HLODRelevant:0 FolderPath:BoxDown FolderGuid:54124D8D4F935B01BE39B2AC1F7C8DC8
 |   |   |- Guid:7E971CEB49CF3724CF62A3B6506779A9 BaseClass:/Game/BluePrint/BP_Water.BP_Water_C NativeClass:/Script/Engine.Actor Name:BP_Water_C_UAID_A85E45C6692F6E9401_1376633822 Label:BP_Water SpatiallyLoaded:1 Bounds:IsValid=true, Min=(X=210.000 Y=600.000 Z=4.000), Max=(X=3210.000 Y=3600.000 Z=4.000) RuntimeGrid:None EditorOnly:0 RuntimeOnly:0 HLODRelevant:0
 |   |   |- Guid:801A8F6344EAC95DEEA670B30F1C8AF8 BaseClass:/Game/BluePrint/BP_JumpUp.BP_JumpUp_C NativeClass:/Script/Engine.Actor Name:BP_JumpUp_C_UAID_A85E45C6692FC39401_1847475767 Label:BP_JumpUp SpatiallyLoaded:1 Bounds:IsValid=true, Min=(X=1576.892 Y=869.000 Z=269.000), Max=(X=1677.108 Y=969.000 Z=272.055) RuntimeGrid:None EditorOnly:0 RuntimeOnly:0 HLODRelevant:0
 |   |   |- Guid:8030BB8844DC55AC7705C2A41433489A BaseClass:/Game/BluePrint/BP_BoxDown.BP_BoxDown_C NativeClass:/Script/Engine.Actor Name:BP_Box_C_UAID_A85E45C6692F6E9401_1265927821 Label:BP_Box6 SpatiallyLoaded:1 Bounds:IsValid=true, Min=(X=1028.750 Y=3955.750 Z=537.000), Max=(X=1291.250 Y=4218.250 Z=761.000) RuntimeGrid:None EditorOnly:0 RuntimeOnly:0 HLODRelevant:0 FolderPath:BoxDown FolderGuid:54124D8D4F935B01BE39B2AC1F7C8DC8
 |   |   |- Guid:806C4CBF4A169568C3B325AE0D6E75AC BaseClass:/Game/BluePrint/BP_Town.BP_Town_C NativeClass:/Script/Engine.Actor Name:BP_Town_C_UAID_A85E45C6692F5D9401_2127241820 Label:BP_Town4 SpatiallyLoaded:1 Bounds:IsValid=true, Min=(X=-15.000 Y=2310.000 Z=380.000), Max=(X=310.000 Y=2470.000 Z=540.000) RuntimeGrid:None EditorOnly:0 RuntimeOnly:0 HLODRelevant:0 FolderPath:Town FolderGuid:A3C94D6E41A28573A0D2249286F5BF4B
 |   |   |- Guid:8343AC98435B8FD424EF1DB023E531A1 BaseClass: NativeClass:/Script/Engine.SkyAtmosphere Name:SkyAtmosphere_0 Label:SkyAtmosphere SpatiallyLoaded:0 Bounds:IsValid=true, Min=(X=0.000 Y=0.000 Z=1020.000), Max=(X=0.000 Y=0.000 Z=1020.000) RuntimeGrid:None EditorOnly:0 RuntimeOnly:0 HLODRelevant:0 FolderPath:Lighting FolderGuid:963EC3EB4002CCE9759E2EBA541A873A
 |   |   |- Guid:882BEAB343FB2AFB4EE498B04E152C71 BaseClass: NativeClass:/Script/Engine.StaticMeshActor Name:StaticMeshActor_UAID_A85E45C6692F669401_1729502412 Label:SM_Cube14 SpatiallyLoaded:1 Bounds:IsValid=true, Min=(X=100.000 Y=-0.000 Z=0.000), Max=(X=2800.000 Y=200.000 Z=400.000) RuntimeGrid:None EditorOnly:0 RuntimeOnly:0 HLODRelevant:1 FolderPath:Playground FolderGuid:C73F09FC4215536B1DCE2A9E0A830C70
 |   |   |- Guid:8C8994884C2DF933B2736A801E3F27B0 BaseClass: NativeClass:/Script/Engine.DirectionalLight Name:DirectionalLight_0 Label:DirectionalLight SpatiallyLoaded:0 Bounds:IsValid=true, Min=(X=-4398046511104.000 Y=-4398046511104.000 Z=-4398046511104.000), Max=(X=4398046511104.000 Y=4398046511104.000 Z=4398046511104.000) RuntimeGrid:None EditorOnly:0 RuntimeOnly:0 HLODRelevant:0 FolderPath:Lighting FolderGuid:963EC3EB4002CCE9759E2EBA541A873A
 |   |   |- Guid:8D9A2EF2498F64845422A1B3EA4194FF BaseClass: NativeClass:/Script/Engine.StaticMeshActor Name:StaticMeshActor_UAID_A85E45C6692F6A9401_1632047108 Label:SM_Cube16 SpatiallyLoaded:1 Bounds:IsValid=true, Min=(X=521.000 Y=3339.000 Z=0.000), Max=(X=1721.000 Y=3639.000 Z=200.000) RuntimeGrid:None EditorOnly:0 RuntimeOnly:0 HLODRelevant:1 FolderPath:Block02 FolderGuid:EBA23F8248252949750E43911A3A1CDD
 |   |   |- Guid:8E3618A44C37C6C262B2268986029307 BaseClass:/Game/BluePrint/BP_Town.BP_Town_C NativeClass:/Script/Engine.Actor Name:BP_Town_C_UAID_A85E45C6692F5D9401_2124987818 Label:BP_Town2 SpatiallyLoaded:1 Bounds:IsValid=true, Min=(X=-15.000 Y=1780.000 Z=380.000), Max=(X=310.000 Y=1940.000 Z=540.000) RuntimeGrid:None EditorOnly:0 RuntimeOnly:0 HLODRelevant:0 FolderPath:Town FolderGuid:A3C94D6E41A28573A0D2249286F5BF4B
 |   |   |- Guid:90706B774BE764F3D4003A8090C9A830 BaseClass: NativeClass:/Script/Engine.StaticMeshActor Name:StaticMeshActor_21 Label:SM_QuarterCylinder3 SpatiallyLoaded:1 Bounds:IsValid=true, Min=(X=1500.000 Y=2200.000 Z=0.000), Max=(X=1600.000 Y=2300.000 Z=200.000) RuntimeGrid:None EditorOnly:0 RuntimeOnly:0 HLODRelevant:1 FolderPath:Block01 FolderGuid:7D23E5AE4C2A421F86AF6986D87E6D05
 |   |   |- Guid:A0FC5D114D349B9D2592AA80BF067384 BaseClass: NativeClass:/Script/Engine.StaticMeshActor Name:StaticMeshActor_UAID_A85E45C6692F6D9401_1234853642 Label:SM_Cube19 SpatiallyLoaded:1 Bounds:IsValid=true, Min=(X=1772.000 Y=6085.000 Z=0.000), Max=(X=2972.000 Y=6385.000 Z=200.000) RuntimeGrid:None EditorOnly:0 RuntimeOnly:0 HLODRelevant:1 FolderPath:Block02 FolderGuid:EBA23F8248252949750E43911A3A1CDD
 |   |   |- Guid:A3DD5E814DA351486EB73AA97C35890A BaseClass: NativeClass:/Script/Engine.StaticMeshActor Name:StaticMeshActor_2 Label:SM_ChamferCube SpatiallyLoaded:1 Bounds:IsValid=true, Min=(X=1100.000 Y=2000.000 Z=0.013), Max=(X=1200.000 Y=2100.000 Z=100.013) RuntimeGrid:None EditorOnly:0 RuntimeOnly:0 HLODRelevant:0
 |   |   |- Guid:A4D4ADB040CB7988C6F0B3803D00F7AA BaseClass: NativeClass:/Script/Engine.StaticMeshActor Name:StaticMeshActor_UAID_A4AE111137DC5EFB00_1110535423 Label:SM_SkySphere SpatiallyLoaded:0 Bounds:IsValid=true, Min=(X=-1638400.000 Y=-1638400.000 Z=-1638400.000), Max=(X=1638400.000 Y=1638400.000 Z=1638400.000) RuntimeGrid:None EditorOnly:0 RuntimeOnly:0 HLODRelevant:1 FolderPath:Lighting FolderGuid:963EC3EB4002CCE9759E2EBA541A873A
 |   |   |- Guid:AD22A56641ACE6DA87012B89D81E1B85 BaseClass: NativeClass:/Script/Engine.StaticMeshActor Name:StaticMeshActor_20 Label:SM_Cube12 SpatiallyLoaded:1 Bounds:IsValid=true, Min=(X=2500.000 Y=2700.000 Z=0.000), Max=(X=2600.000 Y=2800.000 Z=200.000) RuntimeGrid:None EditorOnly:0 RuntimeOnly:0 HLODRelevant:1 FolderPath:Block02 FolderGuid:EBA23F8248252949750E43911A3A1CDD
 |   |   |- Guid:B21B912F44A8EB486E63C78345C44DC8 BaseClass: NativeClass:/Script/Engine.StaticMeshActor Name:StaticMeshActor_32 Label:SM_QuarterCylinder11 SpatiallyLoaded:1 Bounds:IsValid=true, Min=(X=2200.000 Y=1342.000 Z=-0.000), Max=(X=2400.000 Y=1542.000 Z=100.000) RuntimeGrid:None EditorOnly:0 RuntimeOnly:0 HLODRelevant:1 FolderPath:Cylinder FolderGuid:D075E5BA49330D3EC2503D81A7CF88D1
 |   |   |- Guid:BA4C21CF4C065ABC79CD94BEB213AE64 BaseClass: NativeClass:/Script/Engine.VolumetricCloud Name:VolumetricCloud_0 Label:VolumetricCloud SpatiallyLoaded:0 Bounds:IsValid=true, Min=(X=0.000 Y=0.000 Z=820.000), Max=(X=0.000 Y=0.000 Z=820.000) RuntimeGrid:None EditorOnly:0 RuntimeOnly:0 HLODRelevant:0 FolderPath:Lighting FolderGuid:963EC3EB4002CCE9759E2EBA541A873A
 |   |   |- Guid:C138B4C743C2405BCCB58D964AC953FC BaseClass:/Game/BluePrint/BP_Spline.BP_Spline_C NativeClass:/Script/Engine.Actor Name:BP_Spline_C_UAID_A85E45C6692F049501_1156838210 Label:BP_Spline SpatiallyLoaded:1 Bounds:IsValid=true, Min=(X=1178.763 Y=830.000 Z=230.000), Max=(X=2420.656 Y=4130.000 Z=1403.660) RuntimeGrid:None EditorOnly:0 RuntimeOnly:0 HLODRelevant:0 FolderPath:BoxMove FolderGuid:A5900C794ADA8F294B3B7CA4F2790953
 |   |   |- Guid:C5A0DED84403D9479A2525BD4CA0C876 BaseClass:/Game/ThirdPerson/Blueprints/BP_ThirdPersonCharacter.BP_ThirdPersonCharacter_C NativeClass:/Script/Engine.Character Name:BP_ThirdPersonCharacter_C_UAID_A85E45C6692FB69401_1304156479 Label:BP_ThirdPersonCharacter SpatiallyLoaded:1 Bounds:IsValid=true, Min=(X=1412.000 Y=758.000 Z=99.800), Max=(X=1572.000 Y=1071.000 Z=310.000) RuntimeGrid:None EditorOnly:0 RuntimeOnly:0 HLODRelevant:0
 |   |   |- Guid:CCFCD48D4B8A7972AA1928AF9C61DE96 BaseClass:/Game/BluePrint/BP_BoxDown.BP_BoxDown_C NativeClass:/Script/Engine.Actor Name:BP_Box_C_UAID_A85E45C6692F6C9401_1770073462 Label:BP_Box SpatiallyLoaded:1 Bounds:IsValid=true, Min=(X=1361.750 Y=3407.750 Z=266.000), Max=(X=1624.250 Y=3670.250 Z=490.000) RuntimeGrid:None EditorOnly:0 RuntimeOnly:0 HLODRelevant:0 FolderPath:BoxDown FolderGuid:54124D8D4F935B01BE39B2AC1F7C8DC8
 |   |   |- Guid:D2CF8B2A40425BD4693130AE629A75CD BaseClass: NativeClass:/Script/Engine.StaticMeshActor Name:StaticMeshActor_UAID_A85E45C6692F6E9401_1523828823 Label:SM_Cube20 SpatiallyLoaded:1 Bounds:IsValid=true, Min=(X=285.000 Y=253.000 Z=0.000), Max=(X=2935.000 Y=1128.000 Z=100.000) RuntimeGrid:None EditorOnly:0 RuntimeOnly:0 HLODRelevant:1 FolderPath:Block01 FolderGuid:7D23E5AE4C2A421F86AF6986D87E6D05
 |   |   |- Guid:D560EE7E429A4E14CEC1ADA651F4B7EC BaseClass:/Game/BluePrint/BP_Town.BP_Town_C NativeClass:/Script/Engine.Actor Name:BP_Town_C_UAID_A85E45C6692F5D9401_2126072819 Label:BP_Town3 SpatiallyLoaded:1 Bounds:IsValid=true, Min=(X=-15.000 Y=2080.000 Z=380.000), Max=(X=310.000 Y=2240.000 Z=540.000) RuntimeGrid:None EditorOnly:0 RuntimeOnly:0 HLODRelevant:0 FolderPath:Town FolderGuid:A3C94D6E41A28573A0D2249286F5BF4B
 |   |   |- Guid:D87F2EE34D74A7EA435DFBAA27C15370 BaseClass: NativeClass:/Script/Engine.TextRenderActor Name:TextRenderActor_1 Label:TextRenderActor SpatiallyLoaded:1 Bounds:IsValid=true, Min=(X=-0.100 Y=1100.000 Z=65.013), Max=(X=-0.100 Y=2392.308 Z=215.013) RuntimeGrid:None EditorOnly:0 RuntimeOnly:0 HLODRelevant:0
 |   |   |- Guid:DD12852745550FDB449DB4A563F18E95 BaseClass: NativeClass:/Script/Engine.StaticMeshActor Name:StaticMeshActor_11 Label:SM_ChamferCube3 SpatiallyLoaded:1 Bounds:IsValid=true, Min=(X=481.699 Y=2271.699 Z=0.013), Max=(X=618.301 Y=2408.301 Z=100.013) RuntimeGrid:None EditorOnly:0 RuntimeOnly:0 HLODRelevant:0
 |   |   |- Guid:DF05665342D44935159300A80411904D BaseClass: NativeClass:/Script/Engine.StaticMeshActor Name:StaticMeshActor_15 Label:SM_Cube10 SpatiallyLoaded:1 Bounds:IsValid=true, Min=(X=1800.000 Y=2100.000 Z=100.000), Max=(X=2000.000 Y=2200.000 Z=200.000) RuntimeGrid:None EditorOnly:0 RuntimeOnly:0 HLODRelevant:1 FolderPath:Block01 FolderGuid:7D23E5AE4C2A421F86AF6986D87E6D05
 |   |   |- Guid:DFACFE2B46940A0A305435933F39DD79 BaseClass: NativeClass:/Script/Engine.StaticMeshActor Name:StaticMeshActor_UAID_A85E45C6692F6A9401_1530096107 Label:SM_Cube15 SpatiallyLoaded:1 Bounds:IsValid=true, Min=(X=424.000 Y=1369.000 Z=0.000), Max=(X=924.000 Y=1769.000 Z=100.000) RuntimeGrid:None EditorOnly:0 RuntimeOnly:0 HLODRelevant:1 FolderPath:Block01 FolderGuid:7D23E5AE4C2A421F86AF6986D87E6D05
 |   |   |- Guid:E38D653F4E3AE218D021B081D630A981 BaseClass: NativeClass:/Script/Engine.PostProcessVolume Name:PostProcessVolume_0 Label:PostProcessVolume SpatiallyLoaded:0 Bounds:IsValid=true, Min=(X=0.000 Y=0.000 Z=400.000), Max=(X=200.000 Y=200.000 Z=600.000) RuntimeGrid:None EditorOnly:0 RuntimeOnly:0 HLODRelevant:0 FolderPath:Lighting FolderGuid:963EC3EB4002CCE9759E2EBA541A873A
 |   |   |- Guid:E47A3E914197DE19623B5CA339067901 BaseClass: NativeClass:/Script/Engine.StaticMeshActor Name:StaticMeshActor_33 Label:SM_QuarterCylinder12 SpatiallyLoaded:1 Bounds:IsValid=true, Min=(X=2000.000 Y=1910.000 Z=0.000), Max=(X=2200.000 Y=2110.000 Z=100.000) RuntimeGrid:None EditorOnly:0 RuntimeOnly:0 HLODRelevant:1 FolderPath:Cylinder FolderGuid:D075E5BA49330D3EC2503D81A7CF88D1
 |   |   |- Guid:E56B7B5B4BCBF0E6B73C5986EDE202C9 BaseClass:/Game/ThirdPerson/Blueprints/BP_ThirdPersonCharacter_Child.BP_ThirdPersonCharacter_Child_C NativeClass:/Script/Engine.Character Name:BP_ThirdPersonCharacter_Child_C_UAID_A85E45C6692F0D9501_1260432806 Label:BP_ThirdPersonCharacter_Child SpatiallyLoaded:1 Bounds:IsValid=true, Min=(X=1150.000 Y=-125.000 Z=100.000), Max=(X=1310.000 Y=188.000 Z=310.000) RuntimeGrid:None EditorOnly:0 RuntimeOnly:0 HLODRelevant:0
 |   |   |- Guid:E72B1CCD4D102CCF77FDD89ED8C8DEF2 BaseClass: NativeClass:/Script/Engine.StaticMeshActor Name:StaticMeshActor_7 Label:SM_Cube7 SpatiallyLoaded:1 Bounds:IsValid=true, Min=(X=1300.000 Y=2200.000 Z=0.000), Max=(X=1500.000 Y=2300.000 Z=200.000) RuntimeGrid:None EditorOnly:0 RuntimeOnly:0 HLODRelevant:1 FolderPath:Block01 FolderGuid:7D23E5AE4C2A421F86AF6986D87E6D05
 |   |   |- Guid:EA058ED24CEA31FADF879CB9A924144D BaseClass: NativeClass:/Script/Engine.StaticMeshActor Name:StaticMeshActor_0 Label:SM_Cube5 SpatiallyLoaded:1 Bounds:IsValid=true, Min=(X=-100.000 Y=0.000 Z=0.000), Max=(X=100.000 Y=100000.000 Z=400.000) RuntimeGrid:None EditorOnly:0 RuntimeOnly:0 HLODRelevant:1 FolderPath:Playground FolderGuid:C73F09FC4215536B1DCE2A9E0A830C70
 |   |   |- Guid:F0B72F914D4710FB1FA74380318E4D2D BaseClass: NativeClass:/Script/Engine.StaticMeshActor Name:StaticMeshActor_8 Label:SM_Cube4 SpatiallyLoaded:1 Bounds:IsValid=true, Min=(X=1200.000 Y=1700.000 Z=0.000), Max=(X=1700.000 Y=2100.000 Z=100.000) RuntimeGrid:None EditorOnly:0 RuntimeOnly:0 HLODRelevant:1 FolderPath:Block01 FolderGuid:7D23E5AE4C2A421F86AF6986D87E6D05
 |   |   |- Guid:F0C1E7B040E17EF171187AA2AA1F675D BaseClass:/Game/BluePrint/BP_Town.BP_Town_C NativeClass:/Script/Engine.Actor Name:BP_Town_C_UAID_A85E45C6692F5D9401_2129868821 Label:BP_Town5 SpatiallyLoaded:1 Bounds:IsValid=true, Min=(X=-15.000 Y=2520.000 Z=380.000), Max=(X=310.000 Y=2680.000 Z=540.000) RuntimeGrid:None EditorOnly:0 RuntimeOnly:0 HLODRelevant:0 FolderPath:Town FolderGuid:A3C94D6E41A28573A0D2249286F5BF4B
 |   |   |- Guid:F3C1487B4CF34D131BA4D6BBC74920EA BaseClass: NativeClass:/Script/Engine.StaticMeshActor Name:StaticMeshActor_10 Label:SM_ChamferCube2 SpatiallyLoaded:1 Bounds:IsValid=true, Min=(X=992.077 Y=2692.077 Z=0.013), Max=(X=1107.923 Y=2807.923 Z=100.013) RuntimeGrid:None EditorOnly:0 RuntimeOnly:0 HLODRelevant:0
 |   |   |- Guid:F7B383454FA07E46C24008984883132B BaseClass:/Game/BluePrint/BP_Town.BP_Town_C NativeClass:/Script/Engine.Actor Name:BP_Town_C_UAID_A85E45C6692F5D9401_1281954817 Label:BP_Town SpatiallyLoaded:1 Bounds:IsValid=true, Min=(X=-15.000 Y=1510.000 Z=380.000), Max=(X=310.000 Y=1670.000 Z=540.000) RuntimeGrid:None EditorOnly:0 RuntimeOnly:0 HLODRelevant:0 FolderPath:Town FolderGuid:A3C94D6E41A28573A0D2249286F5BF4B
 |   |   |- Guid:F83F83B74A973403E0B340849A9BD021 BaseClass:/Game/BluePrint/BP_RotationCyilnder.BP_RotationCyilnder_C NativeClass:/Script/Engine.Actor Name:BP_RotationCyilnder_C_UAID_A85E45C6692FC59401_1693875120 Label:BP_RotationCyilnder SpatiallyLoaded:1 Bounds:IsValid=true, Min=(X=1486.000 Y=4175.000 Z=213.000), Max=(X=1586.000 Y=5675.000 Z=313.000) RuntimeGrid:None EditorOnly:0 RuntimeOnly:0 HLODRelevant:0
 |   |- [+] Clusters:
 |   |   |- [+] [  0]
 |   |   |   |- Guid:7D1D6F7C4899272ABA82E1BB8C115956 BaseClass:/Game/BluePrint/BP_BoxDown.BP_BoxDown_C NativeClass:/Script/Engine.Actor Name:BP_Box_C_UAID_A85E45C6692F6C9401_2055574463 Label:BP_Box2 SpatiallyLoaded:1 Bounds:IsValid=true, Min=(X=838.750 Y=2345.750 Z=293.000), Max=(X=1101.250 Y=2608.250 Z=517.000) RuntimeGrid:None EditorOnly:0 RuntimeOnly:0 HLODRelevant:0 FolderPath:BoxDown FolderGuid:54124D8D4F935B01BE39B2AC1F7C8DC8
 |   |   |- [+] [  1]
 |   |   |   |- Guid:F0C1E7B040E17EF171187AA2AA1F675D BaseClass:/Game/BluePrint/BP_Town.BP_Town_C NativeClass:/Script/Engine.Actor Name:BP_Town_C_UAID_A85E45C6692F5D9401_2129868821 Label:BP_Town5 SpatiallyLoaded:1 Bounds:IsValid=true, Min=(X=-15.000 Y=2520.000 Z=380.000), Max=(X=310.000 Y=2680.000 Z=540.000) RuntimeGrid:None EditorOnly:0 RuntimeOnly:0 HLODRelevant:0 FolderPath:Town FolderGuid:A3C94D6E41A28573A0D2249286F5BF4B
 |   |   |- [+] [  2]
 |   |   |   |- Guid:BA4C21CF4C065ABC79CD94BEB213AE64 BaseClass: NativeClass:/Script/Engine.VolumetricCloud Name:VolumetricCloud_0 Label:VolumetricCloud SpatiallyLoaded:0 Bounds:IsValid=true, Min=(X=0.000 Y=0.000 Z=820.000), Max=(X=0.000 Y=0.000 Z=820.000) RuntimeGrid:None EditorOnly:0 RuntimeOnly:0 HLODRelevant:0 FolderPath:Lighting FolderGuid:963EC3EB4002CCE9759E2EBA541A873A
 |   |   |- [+] [  3]
 |   |   |   |- Guid:21797B4D4EC4FFB33A1895A2D73AEDE9 BaseClass:/Game/BluePrint/BP_BoxBackStep.BP_BoxBackStep_C NativeClass:/Script/Engine.Actor Name:BP_BoxBackStep_C_UAID_A85E45C6692FFE9401_1320883153 Label:BP_BoxBackStep SpatiallyLoaded:1 Bounds:IsValid=true, Min=(X=1692.500 Y=812.500 Z=98.000), Max=(X=1767.500 Y=887.500 Z=162.000) RuntimeGrid:None EditorOnly:0 RuntimeOnly:0 HLODRelevant:0
 |   |   |- [+] [  4]
 |   |   |   |- Guid:0D6C54164223FF8398D369B83C520B05 BaseClass:/Game/BluePrint/BP_BoxDown.BP_BoxDown_C NativeClass:/Script/Engine.Actor Name:BP_Box_C_UAID_A85E45C6692F6C9401_2061717464 Label:BP_Box3 SpatiallyLoaded:1 Bounds:IsValid=true, Min=(X=1882.750 Y=3139.750 Z=218.000), Max=(X=2145.250 Y=3402.250 Z=442.000) RuntimeGrid:None EditorOnly:0 RuntimeOnly:0 HLODRelevant:0 FolderPath:BoxDown FolderGuid:54124D8D4F935B01BE39B2AC1F7C8DC8
 |   |   |- [+] [  5]
 |   |   |   |- Guid:48C5E4AD4199D70D8DFD0BAC4771E4EF BaseClass: NativeClass:/Script/Engine.StaticMeshActor Name:StaticMeshActor_14 Label:SM_Ramp3 SpatiallyLoaded:1 Bounds:IsValid=true, Min=(X=1800.000 Y=1700.000 Z=100.000), Max=(X=2000.000 Y=2100.000 Z=200.000) RuntimeGrid:None EditorOnly:0 RuntimeOnly:0 HLODRelevant:1 FolderPath:Block01 FolderGuid:7D23E5AE4C2A421F86AF6986D87E6D05
 |   |   |- [+] [  6]
 |   |   |   |- Guid:90706B774BE764F3D4003A8090C9A830 BaseClass: NativeClass:/Script/Engine.StaticMeshActor Name:StaticMeshActor_21 Label:SM_QuarterCylinder3 SpatiallyLoaded:1 Bounds:IsValid=true, Min=(X=1500.000 Y=2200.000 Z=0.000), Max=(X=1600.000 Y=2300.000 Z=200.000) RuntimeGrid:None EditorOnly:0 RuntimeOnly:0 HLODRelevant:1 FolderPath:Block01 FolderGuid:7D23E5AE4C2A421F86AF6986D87E6D05
 |   |   |- [+] [  7]
 |   |   |   |- Guid:67702C734401D2B8AE5FB4B5D77F33D1 BaseClass:/Game/BluePrint/Ai/BP_Character.BP_Character_C NativeClass:/Script/Engine.Character Name:BP_Character_C_UAID_A85E45C6692F079501_1230521742 Label:BP_Character SpatiallyLoaded:1 Bounds:IsValid=true, Min=(X=1390.000 Y=540.000 Z=100.000), Max=(X=1490.000 Y=640.000 Z=276.000) RuntimeGrid:None EditorOnly:0 RuntimeOnly:0 HLODRelevant:0
 |   |   |- [+] [  8]
 |   |   |   |- Guid:B21B912F44A8EB486E63C78345C44DC8 BaseClass: NativeClass:/Script/Engine.StaticMeshActor Name:StaticMeshActor_32 Label:SM_QuarterCylinder11 SpatiallyLoaded:1 Bounds:IsValid=true, Min=(X=2200.000 Y=1342.000 Z=-0.000), Max=(X=2400.000 Y=1542.000 Z=100.000) RuntimeGrid:None EditorOnly:0 RuntimeOnly:0 HLODRelevant:1 FolderPath:Cylinder FolderGuid:D075E5BA49330D3EC2503D81A7CF88D1
 |   |   |- [+] [  9]
 |   |   |   |- Guid:E56B7B5B4BCBF0E6B73C5986EDE202C9 BaseClass:/Game/ThirdPerson/Blueprints/BP_ThirdPersonCharacter_Child.BP_ThirdPersonCharacter_Child_C NativeClass:/Script/Engine.Character Name:BP_ThirdPersonCharacter_Child_C_UAID_A85E45C6692F0D9501_1260432806 Label:BP_ThirdPersonCharacter_Child SpatiallyLoaded:1 Bounds:IsValid=true, Min=(X=1150.000 Y=-125.000 Z=100.000), Max=(X=1310.000 Y=188.000 Z=310.000) RuntimeGrid:None EditorOnly:0 RuntimeOnly:0 HLODRelevant:0
 |   |   |- [+] [ 10]
 |   |   |   |- Guid:7E971CEB49CF3724CF62A3B6506779A9 BaseClass:/Game/BluePrint/BP_Water.BP_Water_C NativeClass:/Script/Engine.Actor Name:BP_Water_C_UAID_A85E45C6692F6E9401_1376633822 Label:BP_Water SpatiallyLoaded:1 Bounds:IsValid=true, Min=(X=210.000 Y=600.000 Z=4.000), Max=(X=3210.000 Y=3600.000 Z=4.000) RuntimeGrid:None EditorOnly:0 RuntimeOnly:0 HLODRelevant:0
 |   |   |- [+] [ 11]
 |   |   |   |- Guid:DFACFE2B46940A0A305435933F39DD79 BaseClass: NativeClass:/Script/Engine.StaticMeshActor Name:StaticMeshActor_UAID_A85E45C6692F6A9401_1530096107 Label:SM_Cube15 SpatiallyLoaded:1 Bounds:IsValid=true, Min=(X=424.000 Y=1369.000 Z=0.000), Max=(X=924.000 Y=1769.000 Z=100.000) RuntimeGrid:None EditorOnly:0 RuntimeOnly:0 HLODRelevant:1 FolderPath:Block01 FolderGuid:7D23E5AE4C2A421F86AF6986D87E6D05
 |   |   |- [+] [ 12]
 |   |   |   |- Guid:E72B1CCD4D102CCF77FDD89ED8C8DEF2 BaseClass: NativeClass:/Script/Engine.StaticMeshActor Name:StaticMeshActor_7 Label:SM_Cube7 SpatiallyLoaded:1 Bounds:IsValid=true, Min=(X=1300.000 Y=2200.000 Z=0.000), Max=(X=1500.000 Y=2300.000 Z=200.000) RuntimeGrid:None EditorOnly:0 RuntimeOnly:0 HLODRelevant:1 FolderPath:Block01 FolderGuid:7D23E5AE4C2A421F86AF6986D87E6D05
 |   |   |- [+] [ 13]
 |   |   |   |- Guid:A0FC5D114D349B9D2592AA80BF067384 BaseClass: NativeClass:/Script/Engine.StaticMeshActor Name:StaticMeshActor_UAID_A85E45C6692F6D9401_1234853642 Label:SM_Cube19 SpatiallyLoaded:1 Bounds:IsValid=true, Min=(X=1772.000 Y=6085.000 Z=0.000), Max=(X=2972.000 Y=6385.000 Z=200.000) RuntimeGrid:None EditorOnly:0 RuntimeOnly:0 HLODRelevant:1 FolderPath:Block02 FolderGuid:EBA23F8248252949750E43911A3A1CDD
 |   |   |- [+] [ 14]
 |   |   |   |- Guid:F3C1487B4CF34D131BA4D6BBC74920EA BaseClass: NativeClass:/Script/Engine.StaticMeshActor Name:StaticMeshActor_10 Label:SM_ChamferCube2 SpatiallyLoaded:1 Bounds:IsValid=true, Min=(X=992.077 Y=2692.077 Z=0.013), Max=(X=1107.923 Y=2807.923 Z=100.013) RuntimeGrid:None EditorOnly:0 RuntimeOnly:0 HLODRelevant:0
 |   |   |- [+] [ 15]
 |   |   |   |- Guid:D2CF8B2A40425BD4693130AE629A75CD BaseClass: NativeClass:/Script/Engine.StaticMeshActor Name:StaticMeshActor_UAID_A85E45C6692F6E9401_1523828823 Label:SM_Cube20 SpatiallyLoaded:1 Bounds:IsValid=true, Min=(X=285.000 Y=253.000 Z=0.000), Max=(X=2935.000 Y=1128.000 Z=100.000) RuntimeGrid:None EditorOnly:0 RuntimeOnly:0 HLODRelevant:1 FolderPath:Block01 FolderGuid:7D23E5AE4C2A421F86AF6986D87E6D05
 |   |   |- [+] [ 16]
 |   |   |   |- Guid:569550D8453D018EEF649182D4EDA883 BaseClass:/Game/BluePrint/BP_MoveBox.BP_MoveBox_C NativeClass:/Script/Engine.Actor Name:BP_MoveBox_C_UAID_A85E45C6692F049501_1161413211 Label:BP_MoveBox SpatiallyLoaded:1 Bounds:IsValid=true, Min=(X=1920.000 Y=680.000 Z=225.000), Max=(X=2220.000 Y=980.000 Z=235.000) RuntimeGrid:None EditorOnly:0 RuntimeOnly:0 HLODRelevant:0 FolderPath:BoxMove FolderGuid:A5900C794ADA8F294B3B7CA4F2790953
 |   |   |   |- Guid:C138B4C743C2405BCCB58D964AC953FC BaseClass:/Game/BluePrint/BP_Spline.BP_Spline_C NativeClass:/Script/Engine.Actor Name:BP_Spline_C_UAID_A85E45C6692F049501_1156838210 Label:BP_Spline SpatiallyLoaded:1 Bounds:IsValid=true, Min=(X=1178.763 Y=830.000 Z=230.000), Max=(X=2420.656 Y=4130.000 Z=1403.660) RuntimeGrid:None EditorOnly:0 RuntimeOnly:0 HLODRelevant:0 FolderPath:BoxMove FolderGuid:A5900C794ADA8F294B3B7CA4F2790953
 |   |   |- [+] [ 17]
 |   |   |   |- Guid:E47A3E914197DE19623B5CA339067901 BaseClass: NativeClass:/Script/Engine.StaticMeshActor Name:StaticMeshActor_33 Label:SM_QuarterCylinder12 SpatiallyLoaded:1 Bounds:IsValid=true, Min=(X=2000.000 Y=1910.000 Z=0.000), Max=(X=2200.000 Y=2110.000 Z=100.000) RuntimeGrid:None EditorOnly:0 RuntimeOnly:0 HLODRelevant:1 FolderPath:Cylinder FolderGuid:D075E5BA49330D3EC2503D81A7CF88D1
 |   |   |- [+] [ 18]
 |   |   |   |- Guid:DD12852745550FDB449DB4A563F18E95 BaseClass: NativeClass:/Script/Engine.StaticMeshActor Name:StaticMeshActor_11 Label:SM_ChamferCube3 SpatiallyLoaded:1 Bounds:IsValid=true, Min=(X=481.699 Y=2271.699 Z=0.013), Max=(X=618.301 Y=2408.301 Z=100.013) RuntimeGrid:None EditorOnly:0 RuntimeOnly:0 HLODRelevant:0
 |   |   |- [+] [ 19]
 |   |   |   |- Guid:EA058ED24CEA31FADF879CB9A924144D BaseClass: NativeClass:/Script/Engine.StaticMeshActor Name:StaticMeshActor_0 Label:SM_Cube5 SpatiallyLoaded:1 Bounds:IsValid=true, Min=(X=-100.000 Y=0.000 Z=0.000), Max=(X=100.000 Y=100000.000 Z=400.000) RuntimeGrid:None EditorOnly:0 RuntimeOnly:0 HLODRelevant:1 FolderPath:Playground FolderGuid:C73F09FC4215536B1DCE2A9E0A830C70
 |   |   |- [+] [ 20]
 |   |   |   |- Guid:801A8F6344EAC95DEEA670B30F1C8AF8 BaseClass:/Game/BluePrint/BP_JumpUp.BP_JumpUp_C NativeClass:/Script/Engine.Actor Name:BP_JumpUp_C_UAID_A85E45C6692FC39401_1847475767 Label:BP_JumpUp SpatiallyLoaded:1 Bounds:IsValid=true, Min=(X=1576.892 Y=869.000 Z=269.000), Max=(X=1677.108 Y=969.000 Z=272.055) RuntimeGrid:None EditorOnly:0 RuntimeOnly:0 HLODRelevant:0
 |   |   |- [+] [ 21]
 |   |   |   |- Guid:149D5A0F4A5D3DA9C8A0DE8A70ADBB37 BaseClass: NativeClass:/Script/Engine.StaticMeshActor Name:StaticMeshActor_1 Label:SM_Cube SpatiallyLoaded:1 Bounds:IsValid=true, Min=(X=0.000 Y=0.000 Z=-50.000), Max=(X=3000.000 Y=100000.000 Z=0.000) RuntimeGrid:None EditorOnly:0 RuntimeOnly:0 HLODRelevant:1 FolderPath:Playground FolderGuid:C73F09FC4215536B1DCE2A9E0A830C70
 |   |   |- [+] [ 22]
 |   |   |   |- Guid:397AFE7C42B44A36C856C188695F5E70 BaseClass: NativeClass:/Script/NavigationSystem.NavMeshBoundsVolume Name:NavMeshBoundsVolume_UAID_A85E45C6692F079501_1370593743 Label:NavMeshBoundsVolume SpatiallyLoaded:0 Bounds:IsValid=true, Min=(X=370.000 Y=409.250 Z=110.000), Max=(X=2770.000 Y=1090.750 Z=310.000) RuntimeGrid:None EditorOnly:0 RuntimeOnly:0 HLODRelevant:0
 |   |   |- [+] [ 23]
 |   |   |   |- Guid:1BDDE1A24DCFB660E36FC7A8A726AE71 BaseClass:/Game/BluePrint/BP_Trap.BP_Trap_C NativeClass:/Script/Engine.Actor Name:BP_Trap_C_UAID_A85E45C6692F6A9401_1413442105 Label:BP_Trap3 SpatiallyLoaded:1 Bounds:IsValid=true, Min=(X=20.000 Y=1883.000 Z=216.000), Max=(X=3020.000 Y=1893.000 Z=226.000) RuntimeGrid:None EditorOnly:0 RuntimeOnly:0 HLODRelevant:0
 |   |   |- [+] [ 24]
 |   |   |   |- Guid:F7B383454FA07E46C24008984883132B BaseClass:/Game/BluePrint/BP_Town.BP_Town_C NativeClass:/Script/Engine.Actor Name:BP_Town_C_UAID_A85E45C6692F5D9401_1281954817 Label:BP_Town SpatiallyLoaded:1 Bounds:IsValid=true, Min=(X=-15.000 Y=1510.000 Z=380.000), Max=(X=310.000 Y=1670.000 Z=540.000) RuntimeGrid:None EditorOnly:0 RuntimeOnly:0 HLODRelevant:0 FolderPath:Town FolderGuid:A3C94D6E41A28573A0D2249286F5BF4B
 |   |   |- [+] [ 25]
 |   |   |   |- Guid:D560EE7E429A4E14CEC1ADA651F4B7EC BaseClass:/Game/BluePrint/BP_Town.BP_Town_C NativeClass:/Script/Engine.Actor Name:BP_Town_C_UAID_A85E45C6692F5D9401_2126072819 Label:BP_Town3 SpatiallyLoaded:1 Bounds:IsValid=true, Min=(X=-15.000 Y=2080.000 Z=380.000), Max=(X=310.000 Y=2240.000 Z=540.000) RuntimeGrid:None EditorOnly:0 RuntimeOnly:0 HLODRelevant:0 FolderPath:Town FolderGuid:A3C94D6E41A28573A0D2249286F5BF4B
 |   |   |- [+] [ 26]
 |   |   |   |- Guid:8D9A2EF2498F64845422A1B3EA4194FF BaseClass: NativeClass:/Script/Engine.StaticMeshActor Name:StaticMeshActor_UAID_A85E45C6692F6A9401_1632047108 Label:SM_Cube16 SpatiallyLoaded:1 Bounds:IsValid=true, Min=(X=521.000 Y=3339.000 Z=0.000), Max=(X=1721.000 Y=3639.000 Z=200.000) RuntimeGrid:None EditorOnly:0 RuntimeOnly:0 HLODRelevant:1 FolderPath:Block02 FolderGuid:EBA23F8248252949750E43911A3A1CDD
 |   |   |- [+] [ 27]
 |   |   |   |- Guid:3E44ABA243F92EAAAEC809B09B477D42 BaseClass: NativeClass:/Script/Engine.StaticMeshActor Name:StaticMeshActor_18 Label:SM_QuarterCylinder SpatiallyLoaded:1 Bounds:IsValid=true, Min=(X=2500.000 Y=2800.000 Z=0.000), Max=(X=2600.000 Y=2900.000 Z=200.000) RuntimeGrid:None EditorOnly:0 RuntimeOnly:0 HLODRelevant:1 FolderPath:Block02 FolderGuid:EBA23F8248252949750E43911A3A1CDD
 |   |   |- [+] [ 28]
 |   |   |   |- Guid:226A9B6D478DCE8B6C5A00B62D1A9C56 BaseClass: NativeClass:/Script/Engine.WorldDataLayers Name:WorldDataLayers Label:WorldDataLayers SpatiallyLoaded:0 Bounds:IsValid=true, Min=(X=0.000 Y=0.000 Z=0.000), Max=(X=0.000 Y=0.000 Z=0.000) RuntimeGrid:None EditorOnly:0 RuntimeOnly:0 HLODRelevant:0
 |   |   |- [+] [ 29]
 |   |   |   |- Guid:2AEFE5D6419AF842C1BFF5AE59296B71 BaseClass: NativeClass:/Script/Engine.StaticMeshActor Name:StaticMeshActor_UAID_A85E45C6692F6D9401_1227756641 Label:SM_Cube18 SpatiallyLoaded:1 Bounds:IsValid=true, Min=(X=281.164 Y=4689.000 Z=0.000), Max=(X=1393.253 Y=5690.158 Z=200.000) RuntimeGrid:None EditorOnly:0 RuntimeOnly:0 HLODRelevant:1 FolderPath:Block02 FolderGuid:EBA23F8248252949750E43911A3A1CDD
 |   |   |- [+] [ 30]
 |   |   |   |- Guid:AD22A56641ACE6DA87012B89D81E1B85 BaseClass: NativeClass:/Script/Engine.StaticMeshActor Name:StaticMeshActor_20 Label:SM_Cube12 SpatiallyLoaded:1 Bounds:IsValid=true, Min=(X=2500.000 Y=2700.000 Z=0.000), Max=(X=2600.000 Y=2800.000 Z=200.000) RuntimeGrid:None EditorOnly:0 RuntimeOnly:0 HLODRelevant:1 FolderPath:Block02 FolderGuid:EBA23F8248252949750E43911A3A1CDD
 |   |   |- [+] [ 31]
 |   |   |   |- Guid:3FC68D124EB1E412798BBF92BF42DDE5 BaseClass: NativeClass:/Script/GeometryCollectionEngine.GeometryCollectionActor Name:GeometryCollectionActor_UAID_A85E45C6692F0A9501_1271137276 Label:Chaos_GeometryCollection SpatiallyLoaded:1 Bounds:IsValid=true, Min=(X=440.000 Y=910.000 Z=490.000), Max=(X=540.000 Y=1010.000 Z=590.000) RuntimeGrid:None EditorOnly:0 RuntimeOnly:0 HLODRelevant:0
 |   |   |- [+] [ 32]
 |   |   |   |- Guid:1C720AD34C0F0EE402575B916638D88D BaseClass: NativeClass:/Script/Engine.StaticMeshActor Name:StaticMeshActor_23 Label:SM_QuarterCylinder5 SpatiallyLoaded:1 Bounds:IsValid=true, Min=(X=300.000 Y=2800.000 Z=0.000), Max=(X=400.000 Y=2900.000 Z=200.000) RuntimeGrid:None EditorOnly:0 RuntimeOnly:0 HLODRelevant:1 FolderPath:Block03 FolderGuid:7B7009C345D3D6DD94D3429E1D79C034
 |   |   |- [+] [ 33]
 |   |   |   |- Guid:45A2F76748DE528F8CEDE59CBF6F59F4 BaseClass: NativeClass:/Script/Engine.StaticMeshActor Name:StaticMeshActor_9 Label:SM_Ramp2 SpatiallyLoaded:1 Bounds:IsValid=true, Min=(X=1400.000 Y=1500.000 Z=0.000), Max=(X=1800.000 Y=1700.000 Z=100.000) RuntimeGrid:None EditorOnly:0 RuntimeOnly:0 HLODRelevant:1 FolderPath:Block01 FolderGuid:7D23E5AE4C2A421F86AF6986D87E6D05
 |   |   |- [+] [ 34]
 |   |   |   |- Guid:2C8C95E94D66227BCC864A95B55FD1C8 BaseClass: NativeClass:/Script/Engine.StaticMeshActor Name:StaticMeshActor_19 Label:SM_QuarterCylinder2 SpatiallyLoaded:1 Bounds:IsValid=true, Min=(X=2500.000 Y=2600.000 Z=0.000), Max=(X=2600.000 Y=2700.000 Z=200.000) RuntimeGrid:None EditorOnly:0 RuntimeOnly:0 HLODRelevant:1 FolderPath:Block02 FolderGuid:EBA23F8248252949750E43911A3A1CDD
 |   |   |- [+] [ 35]
 |   |   |   |- Guid:D87F2EE34D74A7EA435DFBAA27C15370 BaseClass: NativeClass:/Script/Engine.TextRenderActor Name:TextRenderActor_1 Label:TextRenderActor SpatiallyLoaded:1 Bounds:IsValid=true, Min=(X=-0.100 Y=1100.000 Z=65.013), Max=(X=-0.100 Y=2392.308 Z=215.013) RuntimeGrid:None EditorOnly:0 RuntimeOnly:0 HLODRelevant:0
 |   |   |- [+] [ 36]
 |   |   |   |- Guid:68834CB24C4F9B4E58D9A6B3A23C5AC5 BaseClass: NativeClass:/Script/Engine.StaticMeshActor Name:StaticMeshActor_UAID_A85E45C6692F6A9401_1635755109 Label:SM_Cube17 SpatiallyLoaded:1 Bounds:IsValid=true, Min=(X=1394.000 Y=4020.000 Z=0.000), Max=(X=2594.000 Y=4320.000 Z=200.000) RuntimeGrid:None EditorOnly:0 RuntimeOnly:0 HLODRelevant:1 FolderPath:Block02 FolderGuid:EBA23F8248252949750E43911A3A1CDD
 |   |   |- [+] [ 37]
 |   |   |   |- Guid:4BC1B3844E9734CC807A989ECA7FF043 BaseClass: NativeClass:/Script/Engine.StaticMeshActor Name:StaticMeshActor_25 Label:SM_QuarterCylinder6 SpatiallyLoaded:1 Bounds:IsValid=true, Min=(X=1200.000 Y=2200.000 Z=0.000), Max=(X=1300.000 Y=2300.000 Z=200.000) RuntimeGrid:None EditorOnly:0 RuntimeOnly:0 HLODRelevant:1 FolderPath:Block01 FolderGuid:7D23E5AE4C2A421F86AF6986D87E6D05
 |   |   |- [+] [ 38]
 |   |   |   |- Guid:CCFCD48D4B8A7972AA1928AF9C61DE96 BaseClass:/Game/BluePrint/BP_BoxDown.BP_BoxDown_C NativeClass:/Script/Engine.Actor Name:BP_Box_C_UAID_A85E45C6692F6C9401_1770073462 Label:BP_Box SpatiallyLoaded:1 Bounds:IsValid=true, Min=(X=1361.750 Y=3407.750 Z=266.000), Max=(X=1624.250 Y=3670.250 Z=490.000) RuntimeGrid:None EditorOnly:0 RuntimeOnly:0 HLODRelevant:0 FolderPath:BoxDown FolderGuid:54124D8D4F935B01BE39B2AC1F7C8DC8
 |   |   |- [+] [ 39]
 |   |   |   |- Guid:7262479A48EC72618CE46CB478D68BA9 BaseClass: NativeClass:/Script/Engine.StaticMeshActor Name:StaticMeshActor_24 Label:SM_Cube13 SpatiallyLoaded:1 Bounds:IsValid=true, Min=(X=300.000 Y=2700.000 Z=0.000), Max=(X=400.000 Y=2800.000 Z=200.000) RuntimeGrid:None EditorOnly:0 RuntimeOnly:0 HLODRelevant:1 FolderPath:Block03 FolderGuid:7B7009C345D3D6DD94D3429E1D79C034
 |   |   |- [+] [ 40]
 |   |   |   |- Guid:2D0E34BA4AE34C19DFCEEE8526C8B911 BaseClass: NativeClass:/Script/Engine.ExponentialHeightFog Name:ExponentialHeightFog_0 Label:ExponentialHeightFog SpatiallyLoaded:0 Bounds:IsValid=true, Min=(X=-5600.000 Y=-50.000 Z=-6850.000), Max=(X=-5600.000 Y=-50.000 Z=-6850.000) RuntimeGrid:None EditorOnly:0 RuntimeOnly:0 HLODRelevant:0 FolderPath:Lighting FolderGuid:963EC3EB4002CCE9759E2EBA541A873A
 |   |   |- [+] [ 41]
 |   |   |   |- Guid:1FDD07AE4E6C956810D6A190A5144EB0 BaseClass:/Game/BluePrint/BP_Trap.BP_Trap_C NativeClass:/Script/Engine.Actor Name:BP_Trap_C_UAID_A85E45C6692F6A9401_1469323106 Label:BP_Trap2 SpatiallyLoaded:1 Bounds:IsValid=true, Min=(X=-24.000 Y=2454.000 Z=234.000), Max=(X=2976.000 Y=2464.000 Z=244.000) RuntimeGrid:None EditorOnly:0 RuntimeOnly:0 HLODRelevant:0
 |   |   |- [+] [ 42]
 |   |   |   |- Guid:55CCF3E948C41FA23E0BF4BD1301892B BaseClass:/Game/BluePrint/BP_Trap.BP_Trap_C NativeClass:/Script/Engine.Actor Name:BP_Trap_C_UAID_A85E45C6692F679401_1406817575 Label:BP_Trap SpatiallyLoaded:1 Bounds:IsValid=true, Min=(X=16.000 Y=3009.000 Z=268.000), Max=(X=3016.000 Y=3019.000 Z=278.000) RuntimeGrid:None EditorOnly:0 RuntimeOnly:0 HLODRelevant:0
 |   |   |- [+] [ 43]
 |   |   |   |- Guid:5CC42A7A432E8E707D8F2BB47E722C56 BaseClass:/Game/BluePrint/BP_BoxDown.BP_BoxDown_C NativeClass:/Script/Engine.Actor Name:BP_Box_C_UAID_A85E45C6692F6D9401_1243838644 Label:BP_Box5 SpatiallyLoaded:1 Bounds:IsValid=true, Min=(X=1028.750 Y=3475.750 Z=401.000), Max=(X=1291.250 Y=3738.250 Z=625.000) RuntimeGrid:None EditorOnly:0 RuntimeOnly:0 HLODRelevant:0 FolderPath:BoxDown FolderGuid:54124D8D4F935B01BE39B2AC1F7C8DC8
 |   |   |- [+] [ 44]
 |   |   |   |- Guid:0A4E6BC144565FE9D8CA9D8878EEEA6E BaseClass: NativeClass:/Script/Engine.StaticMeshActor Name:StaticMeshActor_13 Label:SM_Cube9 SpatiallyLoaded:1 Bounds:IsValid=true, Min=(X=1800.000 Y=1500.000 Z=0.000), Max=(X=2000.000 Y=2200.000 Z=100.000) RuntimeGrid:None EditorOnly:0 RuntimeOnly:0 HLODRelevant:1 FolderPath:Block01 FolderGuid:7D23E5AE4C2A421F86AF6986D87E6D05
 |   |   |- [+] [ 45]
 |   |   |   |- Guid:DF05665342D44935159300A80411904D BaseClass: NativeClass:/Script/Engine.StaticMeshActor Name:StaticMeshActor_15 Label:SM_Cube10 SpatiallyLoaded:1 Bounds:IsValid=true, Min=(X=1800.000 Y=2100.000 Z=100.000), Max=(X=2000.000 Y=2200.000 Z=200.000) RuntimeGrid:None EditorOnly:0 RuntimeOnly:0 HLODRelevant:1 FolderPath:Block01 FolderGuid:7D23E5AE4C2A421F86AF6986D87E6D05
 |   |   |- [+] [ 46]
 |   |   |   |- Guid:F83F83B74A973403E0B340849A9BD021 BaseClass:/Game/BluePrint/BP_RotationCyilnder.BP_RotationCyilnder_C NativeClass:/Script/Engine.Actor Name:BP_RotationCyilnder_C_UAID_A85E45C6692FC59401_1693875120 Label:BP_RotationCyilnder SpatiallyLoaded:1 Bounds:IsValid=true, Min=(X=1486.000 Y=4175.000 Z=213.000), Max=(X=1586.000 Y=5675.000 Z=313.000) RuntimeGrid:None EditorOnly:0 RuntimeOnly:0 HLODRelevant:0
 |   |   |- [+] [ 47]
 |   |   |   |- Guid:C5A0DED84403D9479A2525BD4CA0C876 BaseClass:/Game/ThirdPerson/Blueprints/BP_ThirdPersonCharacter.BP_ThirdPersonCharacter_C NativeClass:/Script/Engine.Character Name:BP_ThirdPersonCharacter_C_UAID_A85E45C6692FB69401_1304156479 Label:BP_ThirdPersonCharacter SpatiallyLoaded:1 Bounds:IsValid=true, Min=(X=1412.000 Y=758.000 Z=99.800), Max=(X=1572.000 Y=1071.000 Z=310.000) RuntimeGrid:None EditorOnly:0 RuntimeOnly:0 HLODRelevant:0
 |   |   |- [+] [ 48]
 |   |   |   |- Guid:A4D4ADB040CB7988C6F0B3803D00F7AA BaseClass: NativeClass:/Script/Engine.StaticMeshActor Name:StaticMeshActor_UAID_A4AE111137DC5EFB00_1110535423 Label:SM_SkySphere SpatiallyLoaded:0 Bounds:IsValid=true, Min=(X=-1638400.000 Y=-1638400.000 Z=-1638400.000), Max=(X=1638400.000 Y=1638400.000 Z=1638400.000) RuntimeGrid:None EditorOnly:0 RuntimeOnly:0 HLODRelevant:1 FolderPath:Lighting FolderGuid:963EC3EB4002CCE9759E2EBA541A873A
 |   |   |- [+] [ 49]
 |   |   |   |- Guid:53D19ADA4AF281F4D7C79789F5248AFD BaseClass: NativeClass:/Script/Engine.SkyLight Name:SkyLight_1 Label:SkyLight SpatiallyLoaded:0 Bounds:IsValid=true, Min=(X=0.000 Y=0.000 Z=690.000), Max=(X=0.000 Y=0.000 Z=690.000) RuntimeGrid:None EditorOnly:0 RuntimeOnly:0 HLODRelevant:0 FolderPath:Lighting FolderGuid:963EC3EB4002CCE9759E2EBA541A873A
 |   |   |- [+] [ 50]
 |   |   |   |- Guid:6B61F8B64C7AFDA765570C8C9017E9F4 BaseClass: NativeClass:/Script/Engine.StaticMeshActor Name:StaticMeshActor_12 Label:SM_Cube8 SpatiallyLoaded:1 Bounds:IsValid=true, Min=(X=1300.000 Y=2600.000 Z=0.000), Max=(X=2500.000 Y=2900.000 Z=200.000) RuntimeGrid:None EditorOnly:0 RuntimeOnly:0 HLODRelevant:1 FolderPath:Block02 FolderGuid:EBA23F8248252949750E43911A3A1CDD
 |   |   |- [+] [ 51]
 |   |   |   |- Guid:882BEAB343FB2AFB4EE498B04E152C71 BaseClass: NativeClass:/Script/Engine.StaticMeshActor Name:StaticMeshActor_UAID_A85E45C6692F669401_1729502412 Label:SM_Cube14 SpatiallyLoaded:1 Bounds:IsValid=true, Min=(X=100.000 Y=-0.000 Z=0.000), Max=(X=2800.000 Y=200.000 Z=400.000) RuntimeGrid:None EditorOnly:0 RuntimeOnly:0 HLODRelevant:1 FolderPath:Playground FolderGuid:C73F09FC4215536B1DCE2A9E0A830C70
 |   |   |- [+] [ 52]
 |   |   |   |- Guid:4F195F3C47E8AF24F67455BC84F06AF5 BaseClass: NativeClass:/Script/NavigationSystem.RecastNavMesh Name:RecastNavMesh_UAID_A85E45C6692F079501-Default Label:RecastNavMesh-Default SpatiallyLoaded:0 Bounds:IsValid=true, Min=(X=0.000 Y=0.000 Z=0.000), Max=(X=0.000 Y=0.000 Z=0.000) RuntimeGrid:None EditorOnly:0 RuntimeOnly:0 HLODRelevant:0
 |   |   |- [+] [ 53]
 |   |   |   |- Guid:73523B2140B0A44289FB10A980D5263F BaseClass: NativeClass:/Script/Engine.StaticMeshActor Name:StaticMeshActor_22 Label:SM_QuarterCylinder4 SpatiallyLoaded:1 Bounds:IsValid=true, Min=(X=300.000 Y=2600.000 Z=0.000), Max=(X=400.000 Y=2700.000 Z=200.000) RuntimeGrid:None EditorOnly:0 RuntimeOnly:0 HLODRelevant:1 FolderPath:Block03 FolderGuid:7B7009C345D3D6DD94D3429E1D79C034
 |   |   |- [+] [ 54]
 |   |   |   |- Guid:8030BB8844DC55AC7705C2A41433489A BaseClass:/Game/BluePrint/BP_BoxDown.BP_BoxDown_C NativeClass:/Script/Engine.Actor Name:BP_Box_C_UAID_A85E45C6692F6E9401_1265927821 Label:BP_Box6 SpatiallyLoaded:1 Bounds:IsValid=true, Min=(X=1028.750 Y=3955.750 Z=537.000), Max=(X=1291.250 Y=4218.250 Z=761.000) RuntimeGrid:None EditorOnly:0 RuntimeOnly:0 HLODRelevant:0 FolderPath:BoxDown FolderGuid:54124D8D4F935B01BE39B2AC1F7C8DC8
 |   |   |- [+] [ 55]
 |   |   |   |- Guid:F0B72F914D4710FB1FA74380318E4D2D BaseClass: NativeClass:/Script/Engine.StaticMeshActor Name:StaticMeshActor_8 Label:SM_Cube4 SpatiallyLoaded:1 Bounds:IsValid=true, Min=(X=1200.000 Y=1700.000 Z=0.000), Max=(X=1700.000 Y=2100.000 Z=100.000) RuntimeGrid:None EditorOnly:0 RuntimeOnly:0 HLODRelevant:1 FolderPath:Block01 FolderGuid:7D23E5AE4C2A421F86AF6986D87E6D05
 |   |   |- [+] [ 56]
 |   |   |   |- Guid:806C4CBF4A169568C3B325AE0D6E75AC BaseClass:/Game/BluePrint/BP_Town.BP_Town_C NativeClass:/Script/Engine.Actor Name:BP_Town_C_UAID_A85E45C6692F5D9401_2127241820 Label:BP_Town4 SpatiallyLoaded:1 Bounds:IsValid=true, Min=(X=-15.000 Y=2310.000 Z=380.000), Max=(X=310.000 Y=2470.000 Z=540.000) RuntimeGrid:None EditorOnly:0 RuntimeOnly:0 HLODRelevant:0 FolderPath:Town FolderGuid:A3C94D6E41A28573A0D2249286F5BF4B
 |   |   |- [+] [ 57]
 |   |   |   |- Guid:8E3618A44C37C6C262B2268986029307 BaseClass:/Game/BluePrint/BP_Town.BP_Town_C NativeClass:/Script/Engine.Actor Name:BP_Town_C_UAID_A85E45C6692F5D9401_2124987818 Label:BP_Town2 SpatiallyLoaded:1 Bounds:IsValid=true, Min=(X=-15.000 Y=1780.000 Z=380.000), Max=(X=310.000 Y=1940.000 Z=540.000) RuntimeGrid:None EditorOnly:0 RuntimeOnly:0 HLODRelevant:0 FolderPath:Town FolderGuid:A3C94D6E41A28573A0D2249286F5BF4B
 |   |   |- [+] [ 58]
 |   |   |   |- Guid:A3DD5E814DA351486EB73AA97C35890A BaseClass: NativeClass:/Script/Engine.StaticMeshActor Name:StaticMeshActor_2 Label:SM_ChamferCube SpatiallyLoaded:1 Bounds:IsValid=true, Min=(X=1100.000 Y=2000.000 Z=0.013), Max=(X=1200.000 Y=2100.000 Z=100.013) RuntimeGrid:None EditorOnly:0 RuntimeOnly:0 HLODRelevant:0
 |   |   |- [+] [ 59]
 |   |   |   |- Guid:E38D653F4E3AE218D021B081D630A981 BaseClass: NativeClass:/Script/Engine.PostProcessVolume Name:PostProcessVolume_0 Label:PostProcessVolume SpatiallyLoaded:0 Bounds:IsValid=true, Min=(X=0.000 Y=0.000 Z=400.000), Max=(X=200.000 Y=200.000 Z=600.000) RuntimeGrid:None EditorOnly:0 RuntimeOnly:0 HLODRelevant:0 FolderPath:Lighting FolderGuid:963EC3EB4002CCE9759E2EBA541A873A
 |   |   |- [+] [ 60]
 |   |   |   |- Guid:0485D0AD40F1F464DFA81A892F3823E9 BaseClass: NativeClass:/Script/Engine.StaticMeshActor Name:StaticMeshActor_4 Label:SM_Cube6 SpatiallyLoaded:1 Bounds:IsValid=true, Min=(X=2800.000 Y=0.000 Z=0.000), Max=(X=3000.000 Y=100000.000 Z=400.000) RuntimeGrid:None EditorOnly:0 RuntimeOnly:0 HLODRelevant:1 FolderPath:Playground FolderGuid:C73F09FC4215536B1DCE2A9E0A830C70
 |   |   |- [+] [ 61]
 |   |   |   |- Guid:8C8994884C2DF933B2736A801E3F27B0 BaseClass: NativeClass:/Script/Engine.DirectionalLight Name:DirectionalLight_0 Label:DirectionalLight SpatiallyLoaded:0 Bounds:IsValid=true, Min=(X=-4398046511104.000 Y=-4398046511104.000 Z=-4398046511104.000), Max=(X=4398046511104.000 Y=4398046511104.000 Z=4398046511104.000) RuntimeGrid:None EditorOnly:0 RuntimeOnly:0 HLODRelevant:0 FolderPath:Lighting FolderGuid:963EC3EB4002CCE9759E2EBA541A873A
 |   |   |- [+] [ 62]
 |   |   |   |- Guid:8343AC98435B8FD424EF1DB023E531A1 BaseClass: NativeClass:/Script/Engine.SkyAtmosphere Name:SkyAtmosphere_0 Label:SkyAtmosphere SpatiallyLoaded:0 Bounds:IsValid=true, Min=(X=0.000 Y=0.000 Z=1020.000), Max=(X=0.000 Y=0.000 Z=1020.000) RuntimeGrid:None EditorOnly:0 RuntimeOnly:0 HLODRelevant:0 FolderPath:Lighting FolderGuid:963EC3EB4002CCE9759E2EBA541A873A
 |   |   |- [+] [ 63]
 |   |   |   |- Guid:425FD75647639672F02B14AF8528834D BaseClass: NativeClass:/Script/Engine.PlayerStart Name:PlayerStart_0 Label:PlayerStart SpatiallyLoaded:0 Bounds:IsValid=true, Min=(X=1460.000 Y=1019.000 Z=292.000), Max=(X=1540.000 Y=1099.000 Z=476.000) RuntimeGrid:None EditorOnly:0 RuntimeOnly:0 HLODRelevant:0
 |   |   |- [+] [ 64]
 |   |   |   |- Guid:522A99EE435F5BA7474264A26A6DB8BE BaseClass: NativeClass:/Script/Engine.StaticMeshActor Name:StaticMeshActor_16 Label:SM_Cube11 SpatiallyLoaded:1 Bounds:IsValid=true, Min=(X=400.000 Y=2600.000 Z=0.000), Max=(X=700.000 Y=2900.000 Z=200.000) RuntimeGrid:None EditorOnly:0 RuntimeOnly:0 HLODRelevant:1 FolderPath:Block03 FolderGuid:7B7009C345D3D6DD94D3429E1D79C034
 |   |   |- [+] [ 65]
 |   |   |   |- Guid:01D9BA7D4973AE3D6C963792B7EE968C BaseClass:/Game/BluePrint/BP_BoxDown.BP_BoxDown_C NativeClass:/Script/Engine.Actor Name:BP_Box_C_UAID_A85E45C6692F6D9401_1241990643 Label:BP_Box4 SpatiallyLoaded:1 Bounds:IsValid=true, Min=(X=1882.750 Y=4455.750 Z=401.000), Max=(X=2145.250 Y=4718.250 Z=625.000) RuntimeGrid:None EditorOnly:0 RuntimeOnly:0 HLODRelevant:0 FolderPath:BoxDown FolderGuid:54124D8D4F935B01BE39B2AC1F7C8DC8
 |- ContainerInstances:
 |- [+] MainContainer:
 |   |-        ID: 0x0000000000000000
 |   |-    Bounds: IsValid=false, Min=(X=0.000 Y=0.000 Z=0.000), Max=(X=0.000 Y=0.000 Z=0.000)
 |   |- Transform: 0.000000,0.000000,0.000000|0.000000,0.000000,-0.000000|1.000000,1.000000,1.000000
 |   |- Container: /Game/ThirdPerson/Maps/Choas
----------------------------------------------------------------------------------------------------------------
Choas - Persistent Level
----------------------------------------------------------------------------------------------------------------
Always loaded Actor Count: 77 

----------------------------------------------------------------------------------------------------------------
Choas - Runtime Spatial Hash - Streaming Grid - MainGrid
----------------------------------------------------------------------------------------------------------------
            Origin: X=0.000 Y=0.000 Z=0.000
         Cell Size: 12800
      World Bounds: IsValid=false, Min=(X=0.000 Y=0.000 Z=0.000), Max=(X=0.000 Y=0.000 Z=0.000)
     Loading Range: 25600.00
Block Slow Loading: No
 ClientOnlyVisible: No

[+] Grid Levels: 1
 |- Level  0: Cell Count    0 | Cell Size   12800 | Actor Count    0 (0.0%)

[+] Content of Grid Level 0

